<?xml version="1.0" encoding="UTF-8"?>
<!-- Generated by org.testng.reporters.JUnitReportReporter -->
<testsuite hostname="LAPTOP-NEO5FTIU" failures="0" tests="1" name="TestCases.facebookloginTest" time="6.381" errors="0" timestamp="2022-01-01T15:43:07 EST" skipped="0">
  <testcase classname="TestCases.facebookloginTest" name="test" time="6.381"/>
  <system-out/>
</testsuite> <!-- TestCases.facebookloginTest -->
