<?xml version="1.0" encoding="UTF-8"?>
<!-- Generated by org.testng.reporters.JUnitReportReporter -->
<testsuite hostname="LAPTOP-NEO5FTIU" failures="0" tests="1" name="objectOrientProgram.demo" time="4.759" errors="0" timestamp="2021-12-27T00:31:28 EST" skipped="0">
  <testcase classname="objectOrientProgram.demo" name="signTest" time="4.759"/>
  <system-out/>
</testsuite> <!-- objectOrientProgram.demo -->
