<?xml version="1.0" encoding="UTF-8"?>
<!-- Generated by org.testng.reporters.JUnitReportReporter -->
<testsuite hostname="LAPTOP-NEO5FTIU" failures="0" tests="1" name="objectOrientProgram.facebooklogin" time="6.491" errors="0" timestamp="2021-12-14T00:43:05 EST" skipped="0">
  <testcase classname="objectOrientProgram.facebooklogin" name="test" time="6.491"/>
  <system-out/>
</testsuite> <!-- objectOrientProgram.facebooklogin -->
