<?xml version="1.0" encoding="UTF-8"?>
<!-- Generated by org.testng.reporters.JUnitReportReporter -->
<testsuite hostname="LAPTOP-NEO5FTIU" failures="0" tests="1" name="objectOrientProgram.facebookloginTest" time="9.584" errors="0" timestamp="2021-12-27T00:34:48 EST" skipped="0">
  <testcase classname="objectOrientProgram.facebookloginTest" name="test" time="9.584"/>
  <system-out/>
</testsuite> <!-- objectOrientProgram.facebookloginTest -->
