<?xml version="1.0" encoding="UTF-8"?>
<!-- Generated by org.testng.reporters.JUnitReportReporter -->
<testsuite hostname="LAPTOP-NEO5FTIU" failures="0" tests="1" name="Demo.demo" time="6.473" errors="0" timestamp="2021-12-23T20:37:17 EST" skipped="0">
  <testcase classname="Demo.demo" name="test" time="6.473"/>
  <system-out/>
</testsuite> <!-- Demo.demo -->
