<?xml version="1.0" encoding="UTF-8"?>
<!-- Generated by org.testng.reporters.JUnitReportReporter -->
<testsuite hostname="LAPTOP-NEO5FTIU" failures="0" tests="1" name="objectOrientProgram.faceBookCreateAccountTest" time="15.292" errors="0" timestamp="2021-12-27T00:38:27 EST" skipped="0">
  <testcase classname="objectOrientProgram.faceBookCreateAccountTest" name="createAccount" time="15.292"/>
  <system-out/>
</testsuite> <!-- objectOrientProgram.faceBookCreateAccountTest -->
