<?xml version="1.0" encoding="UTF-8"?>
<!-- Generated by org.testng.reporters.JUnitReportReporter -->
<testsuite hostname="LAPTOP-NEO5FTIU" failures="0" tests="1" name="Demo.kk" time="9.642" errors="0" timestamp="2022-01-01T16:25:36 EST" skipped="0">
  <testcase classname="Demo.kk" name="pub" time="9.642"/>
  <system-out/>
</testsuite> <!-- Demo.kk -->
